2023-11-28T07:57:34+00:00 CRITICAL Uncaught Error: Call to undefined function tribe_get_template_part() in /home/customer/www/nicholewagnermusic.com/public_html/wp-content/themes/wayfarer_nicholewagner/page-shows.php:43
Stack trace:
#0 /home/customer/www/nicholewagnermusic.com/public_html/wp-includes/template-loader.php(106): include()
#1 /home/customer/www/nicholewagnermusic.com/public_html/wp-blog-header.php(19): require_once('/home/customer/...')
#2 /home/customer/www/nicholewagnermusic.com/public_html/index.php(17): require('/home/customer/...')
#3 {main}
  thrown in /home/customer/www/nicholewagnermusic.com/public_html/wp-content/themes/wayfarer_nicholewagner/page-shows.php on line 43

2023-11-28T08:11:44+00:00 CRITICAL Uncaught Error: Call to undefined function tribe_get_template_part() in /home/customer/www/nicholewagnermusic.com/public_html/wp-content/themes/wayfarer_nicholewagner/page-shows.php:43
Stack trace:
#0 /home/customer/www/nicholewagnermusic.com/public_html/wp-includes/template-loader.php(106): include()
#1 /home/customer/www/nicholewagnermusic.com/public_html/wp-blog-header.php(19): require_once('/home/customer/...')
#2 /home/customer/www/nicholewagnermusic.com/public_html/index.php(17): require('/home/customer/...')
#3 {main}
  thrown in /home/customer/www/nicholewagnermusic.com/public_html/wp-content/themes/wayfarer_nicholewagner/page-shows.php on line 43

2023-11-28T08:13:02+00:00 CRITICAL Uncaught Error: Call to undefined function tribe_get_template_part() in /home/customer/www/nicholewagnermusic.com/public_html/wp-content/themes/wayfarer_nicholewagner/page-shows.php:43
Stack trace:
#0 /home/customer/www/nicholewagnermusic.com/public_html/wp-includes/template-loader.php(106): include()
#1 /home/customer/www/nicholewagnermusic.com/public_html/wp-blog-header.php(19): require_once('/home/customer/...')
#2 /home/customer/www/nicholewagnermusic.com/public_html/index.php(17): require('/home/customer/...')
#3 {main}
  thrown in /home/customer/www/nicholewagnermusic.com/public_html/wp-content/themes/wayfarer_nicholewagner/page-shows.php on line 43

2023-11-28T08:13:06+00:00 CRITICAL Uncaught Error: Call to undefined function tribe_get_template_part() in /home/customer/www/nicholewagnermusic.com/public_html/wp-content/themes/wayfarer_nicholewagner/page-shows.php:43
Stack trace:
#0 /home/customer/www/nicholewagnermusic.com/public_html/wp-includes/template-loader.php(106): include()
#1 /home/customer/www/nicholewagnermusic.com/public_html/wp-blog-header.php(19): require_once('/home/customer/...')
#2 /home/customer/www/nicholewagnermusic.com/public_html/index.php(17): require('/home/customer/...')
#3 {main}
  thrown in /home/customer/www/nicholewagnermusic.com/public_html/wp-content/themes/wayfarer_nicholewagner/page-shows.php on line 43

2023-11-28T08:13:09+00:00 CRITICAL Uncaught Error: Call to undefined function tribe_get_template_part() in /home/customer/www/nicholewagnermusic.com/public_html/wp-content/themes/wayfarer_nicholewagner/page-shows.php:43
Stack trace:
#0 /home/customer/www/nicholewagnermusic.com/public_html/wp-includes/template-loader.php(106): include()
#1 /home/customer/www/nicholewagnermusic.com/public_html/wp-blog-header.php(19): require_once('/home/customer/...')
#2 /home/customer/www/nicholewagnermusic.com/public_html/index.php(17): require('/home/customer/...')
#3 {main}
  thrown in /home/customer/www/nicholewagnermusic.com/public_html/wp-content/themes/wayfarer_nicholewagner/page-shows.php on line 43

2023-11-28T08:18:18+00:00 CRITICAL Uncaught Error: Call to undefined function tribe_get_template_part() in /home/customer/www/nicholewagnermusic.com/public_html/wp-content/themes/wayfarer_nicholewagner/page-shows.php:43
Stack trace:
#0 /home/customer/www/nicholewagnermusic.com/public_html/wp-includes/template-loader.php(106): include()
#1 /home/customer/www/nicholewagnermusic.com/public_html/wp-blog-header.php(19): require_once('/home/customer/...')
#2 /home/customer/www/nicholewagnermusic.com/public_html/index.php(17): require('/home/customer/...')
#3 {main}
  thrown in /home/customer/www/nicholewagnermusic.com/public_html/wp-content/themes/wayfarer_nicholewagner/page-shows.php on line 43

2023-11-28T08:23:06+00:00 CRITICAL Uncaught Error: Call to undefined function tribe_get_template_part() in /home/customer/www/nicholewagnermusic.com/public_html/wp-content/themes/wayfarer_nicholewagner/page-shows.php:43
Stack trace:
#0 /home/customer/www/nicholewagnermusic.com/public_html/wp-includes/template-loader.php(106): include()
#1 /home/customer/www/nicholewagnermusic.com/public_html/wp-blog-header.php(19): require_once('/home/customer/...')
#2 /home/customer/www/nicholewagnermusic.com/public_html/index.php(17): require('/home/customer/...')
#3 {main}
  thrown in /home/customer/www/nicholewagnermusic.com/public_html/wp-content/themes/wayfarer_nicholewagner/page-shows.php on line 43

2023-11-28T08:24:50+00:00 CRITICAL Uncaught Error: Call to undefined function tribe_get_template_part() in /home/customer/www/nicholewagnermusic.com/public_html/wp-content/themes/wayfarer_nicholewagner/page-shows.php:43
Stack trace:
#0 /home/customer/www/nicholewagnermusic.com/public_html/wp-includes/template-loader.php(106): include()
#1 /home/customer/www/nicholewagnermusic.com/public_html/wp-blog-header.php(19): require_once('/home/customer/...')
#2 /home/customer/www/nicholewagnermusic.com/public_html/index.php(17): require('/home/customer/...')
#3 {main}
  thrown in /home/customer/www/nicholewagnermusic.com/public_html/wp-content/themes/wayfarer_nicholewagner/page-shows.php on line 43

2023-11-28T08:24:52+00:00 CRITICAL Uncaught Error: Call to undefined function tribe_get_template_part() in /home/customer/www/nicholewagnermusic.com/public_html/wp-content/themes/wayfarer_nicholewagner/page-shows.php:43
Stack trace:
#0 /home/customer/www/nicholewagnermusic.com/public_html/wp-includes/template-loader.php(106): include()
#1 /home/customer/www/nicholewagnermusic.com/public_html/wp-blog-header.php(19): require_once('/home/customer/...')
#2 /home/customer/www/nicholewagnermusic.com/public_html/index.php(17): require('/home/customer/...')
#3 {main}
  thrown in /home/customer/www/nicholewagnermusic.com/public_html/wp-content/themes/wayfarer_nicholewagner/page-shows.php on line 43

2023-11-28T08:24:53+00:00 CRITICAL Uncaught Error: Call to undefined function tribe_get_template_part() in /home/customer/www/nicholewagnermusic.com/public_html/wp-content/themes/wayfarer_nicholewagner/page-shows.php:43
Stack trace:
#0 /home/customer/www/nicholewagnermusic.com/public_html/wp-includes/template-loader.php(106): include()
#1 /home/customer/www/nicholewagnermusic.com/public_html/wp-blog-header.php(19): require_once('/home/customer/...')
#2 /home/customer/www/nicholewagnermusic.com/public_html/index.php(17): require('/home/customer/...')
#3 {main}
  thrown in /home/customer/www/nicholewagnermusic.com/public_html/wp-content/themes/wayfarer_nicholewagner/page-shows.php on line 43

