2023-12-06T03:06:58+00:00 DEBUG 
====Stripe Version: 7.7.0====
====Start Log====
account
====End Log====


2023-12-06T03:06:59+00:00 DEBUG 
====Stripe Version: 7.7.0====
====Start Log====
Your domain has been verified with Apple Pay!
====End Log====


2023-12-06T08:35:46+00:00 DEBUG 
====Stripe Version: 7.7.0====
====Start Log====
account
====End Log====


2023-12-06T08:35:46+00:00 DEBUG 
====Stripe Version: 7.7.0====
====Start Log====
Your domain has been verified with Apple Pay!
====End Log====


2023-12-06T08:35:46+00:00 DEBUG 
====Stripe Version: 7.7.0====
====Start Log====
Your domain has been verified with Apple Pay!
====End Log====


